==================================================================== test session starts ====================================================================
platform linux -- Python 3.10.10, pytest-8.1.1, pluggy-1.4.0
rootdir: /home/jupyter-misterdx/github/team22/users/avlotsmanov/exercise/hw4
plugins: anyio-4.2.0
collected 3 items

test_hw4.py ...                                                                                                                                       [100%]

===================================================================== 3 passed in 0.01s =====================================================================
